  Camera.cpp
d:\studia\projekty\c++\dgame\dgame\Common.h(8): fatal error C1083: Cannot open include file: 'glew.h': No such file or directory
  Enemy.cpp
d:\studia\projekty\c++\dgame\dgame\Common.h(8): fatal error C1083: Cannot open include file: 'glew.h': No such file or directory
  EventListener.cpp
d:\studia\projekty\c++\dgame\dgame\Common.h(8): fatal error C1083: Cannot open include file: 'glew.h': No such file or directory
  GameObject.cpp
d:\studia\projekty\c++\dgame\dgame\Common.h(8): fatal error C1083: Cannot open include file: 'glew.h': No such file or directory
  Level.cpp
d:\studia\projekty\c++\dgame\dgame\Common.h(8): fatal error C1083: Cannot open include file: 'glew.h': No such file or directory
  Main.cpp
d:\studia\projekty\c++\dgame\dgame\Common.h(8): fatal error C1083: Cannot open include file: 'glew.h': No such file or directory
  Player.cpp
d:\studia\projekty\c++\dgame\dgame\Common.h(8): fatal error C1083: Cannot open include file: 'glew.h': No such file or directory
  Sprite.cpp
d:\studia\projekty\c++\dgame\dgame\Common.h(8): fatal error C1083: Cannot open include file: 'glew.h': No such file or directory
  Texture.cpp
d:\studia\projekty\c++\dgame\dgame\Common.h(8): fatal error C1083: Cannot open include file: 'glew.h': No such file or directory
  Weapon.cpp
d:\studia\projekty\c++\dgame\dgame\Common.h(8): fatal error C1083: Cannot open include file: 'glew.h': No such file or directory
  Win_Window.cpp
d:\studia\projekty\c++\dgame\dgame\Common.h(8): fatal error C1083: Cannot open include file: 'glew.h': No such file or directory
  Shaders.cpp
d:\studia\projekty\c++\dgame\dgame\Common.h(8): fatal error C1083: Cannot open include file: 'glew.h': No such file or directory
  Timer.cpp
d:\studia\projekty\c++\dgame\dgame\Common.h(8): fatal error C1083: Cannot open include file: 'glew.h': No such file or directory
