d:\studia\projekty\c++\dgame\dgame\x64\debug\vc140.pdb
d:\studia\projekty\c++\dgame\dgame\x64\debug\vc140.idb
d:\studia\projekty\c++\dgame\dgame\x64\debug\camera.obj
d:\studia\projekty\c++\dgame\dgame\x64\debug\enemy.obj
d:\studia\projekty\c++\dgame\dgame\x64\debug\eventlistener.obj
d:\studia\projekty\c++\dgame\dgame\x64\debug\gameobject.obj
d:\studia\projekty\c++\dgame\dgame\x64\debug\main.obj
d:\studia\projekty\c++\dgame\dgame\x64\debug\player.obj
d:\studia\projekty\c++\dgame\dgame\x64\debug\sprite.obj
d:\studia\projekty\c++\dgame\dgame\x64\debug\texture.obj
d:\studia\projekty\c++\dgame\dgame\x64\debug\weapon.obj
d:\studia\projekty\c++\dgame\dgame\x64\debug\win_window.obj
d:\studia\projekty\c++\dgame\dgame\x64\debug\shaders.obj
d:\studia\projekty\c++\dgame\dgame\x64\debug\timer.obj
d:\studia\projekty\c++\dgame\dgame\x64\debug\level.obj
d:\studia\projekty\c++\dgame\dgame\x64\debug\font.obj
d:\studia\projekty\c++\dgame\x64\debug\dgame.ilk
d:\studia\projekty\c++\dgame\x64\debug\dgame.exe
d:\studia\projekty\c++\dgame\x64\debug\dgame.pdb
d:\studia\projekty\c++\dgame\dgame\x64\debug\eventlistener.obj.enc
d:\studia\projekty\c++\dgame\dgame\x64\debug\main.obj.enc
d:\studia\projekty\c++\dgame\dgame\x64\debug\dgame.tlog\cl.command.1.tlog
d:\studia\projekty\c++\dgame\dgame\x64\debug\dgame.tlog\cl.read.1.tlog
d:\studia\projekty\c++\dgame\dgame\x64\debug\dgame.tlog\cl.write.1.tlog
d:\studia\projekty\c++\dgame\dgame\x64\debug\dgame.tlog\link.command.1.tlog
d:\studia\projekty\c++\dgame\dgame\x64\debug\dgame.tlog\link.read.1.tlog
d:\studia\projekty\c++\dgame\dgame\x64\debug\dgame.tlog\link.write.1.tlog
