Build started 22.08.2015 15:47:47.
     1>Project "D:\Studia\Projekty\C++\Resource\Simple OpenGL Image Library\projects\VC9\SOIL.vcxproj" on node 2 (Build target(s)).
     1>ClCompile:
         C:\Program Files (x86)\Microsoft Visual Studio 14.0\VC\bin\x86_amd64\CL.exe /c /Zi /nologo /W3 /WX- /Od /D WIN32 /D _DEBUG /D _LIB /D _UNICODE /D UNICODE /Gm /EHsc /RTC1 /MDd /GS /fp:precise /Zc:wchar_t /Zc:forScope /Zc:inline /Fo"x64\Debug\\" /Fd"x64\Debug\SOIL.pdb" /Gd /TC /errorReport:prompt ..\..\src\image_DXT.c ..\..\src\image_helper.c ..\..\src\SOIL.c ..\..\src\stb_image_aug.c
         stb_image_aug.c
     1>..\..\src\stb_image_aug.c(177): warning C4996: 'fopen': This function or variable may be unsafe. Consider using fopen_s instead. To disable deprecation, use _CRT_SECURE_NO_WARNINGS. See online help for details.
         C:\Program Files (x86)\Windows Kits\10\Include\10.0.10150.0\ucrt\stdio.h(205): note: see declaration of 'fopen'
     1>..\..\src\stb_image_aug.c(251): warning C4996: 'fopen': This function or variable may be unsafe. Consider using fopen_s instead. To disable deprecation, use _CRT_SECURE_NO_WARNINGS. See online help for details.
         C:\Program Files (x86)\Windows Kits\10\Include\10.0.10150.0\ucrt\stdio.h(205): note: see declaration of 'fopen'
     1>..\..\src\stb_image_aug.c(303): warning C4996: 'fopen': This function or variable may be unsafe. Consider using fopen_s instead. To disable deprecation, use _CRT_SECURE_NO_WARNINGS. See online help for details.
         C:\Program Files (x86)\Windows Kits\10\Include\10.0.10150.0\ucrt\stdio.h(205): note: see declaration of 'fopen'
     1>..\..\src\stb_image_aug.c(1557): warning C4996: 'fopen': This function or variable may be unsafe. Consider using fopen_s instead. To disable deprecation, use _CRT_SECURE_NO_WARNINGS. See online help for details.
         C:\Program Files (x86)\Windows Kits\10\Include\10.0.10150.0\ucrt\stdio.h(205): note: see declaration of 'fopen'
     1>..\..\src\stb_image_aug.c(2394): warning C4996: 'fopen': This function or variable may be unsafe. Consider using fopen_s instead. To disable deprecation, use _CRT_SECURE_NO_WARNINGS. See online help for details.
         C:\Program Files (x86)\Windows Kits\10\Include\10.0.10150.0\ucrt\stdio.h(205): note: see declaration of 'fopen'
     1>..\..\src\stb_image_aug.c(2709): warning C4996: 'fopen': This function or variable may be unsafe. Consider using fopen_s instead. To disable deprecation, use _CRT_SECURE_NO_WARNINGS. See online help for details.
         C:\Program Files (x86)\Windows Kits\10\Include\10.0.10150.0\ucrt\stdio.h(205): note: see declaration of 'fopen'
     1>..\..\src\stb_image_aug.c(2995): warning C4996: 'fopen': This function or variable may be unsafe. Consider using fopen_s instead. To disable deprecation, use _CRT_SECURE_NO_WARNINGS. See online help for details.
         C:\Program Files (x86)\Windows Kits\10\Include\10.0.10150.0\ucrt\stdio.h(205): note: see declaration of 'fopen'
     1>..\..\src\stb_image_aug.c(3209): warning C4996: 'fopen': This function or variable may be unsafe. Consider using fopen_s instead. To disable deprecation, use _CRT_SECURE_NO_WARNINGS. See online help for details.
         C:\Program Files (x86)\Windows Kits\10\Include\10.0.10150.0\ucrt\stdio.h(205): note: see declaration of 'fopen'
     1>..\..\src\stb_image_aug.c(3548): warning C4996: 'fopen': This function or variable may be unsafe. Consider using fopen_s instead. To disable deprecation, use _CRT_SECURE_NO_WARNINGS. See online help for details.
         C:\Program Files (x86)\Windows Kits\10\Include\10.0.10150.0\ucrt\stdio.h(205): note: see declaration of 'fopen'
     1>..\..\src\stb_image_aug.c(3644): warning C4996: 'fopen': This function or variable may be unsafe. Consider using fopen_s instead. To disable deprecation, use _CRT_SECURE_NO_WARNINGS. See online help for details.
         C:\Program Files (x86)\Windows Kits\10\Include\10.0.10150.0\ucrt\stdio.h(205): note: see declaration of 'fopen'
     1>d:\studia\projekty\c++\resource\simple opengl image library\src\stbi_DDS_aug_c.h(362): warning C4018: '>': signed/unsigned mismatch
     1>d:\studia\projekty\c++\resource\simple opengl image library\src\stbi_DDS_aug_c.h(366): warning C4018: '>': signed/unsigned mismatch
     1>d:\studia\projekty\c++\resource\simple opengl image library\src\stbi_DDS_aug_c.h(390): warning C4018: '<': signed/unsigned mismatch
     1>d:\studia\projekty\c++\resource\simple opengl image library\src\stbi_DDS_aug_c.h(427): warning C4018: '<': signed/unsigned mismatch
     1>d:\studia\projekty\c++\resource\simple opengl image library\src\stbi_DDS_aug_c.h(498): warning C4996: 'fopen': This function or variable may be unsafe. Consider using fopen_s instead. To disable deprecation, use _CRT_SECURE_NO_WARNINGS. See online help for details.
         C:\Program Files (x86)\Windows Kits\10\Include\10.0.10150.0\ucrt\stdio.h(205): note: see declaration of 'fopen'
         SOIL.c
     1>..\..\src\SOIL.c(1719): warning C4018: '<=': signed/unsigned mismatch
     1>..\..\src\SOIL.c(1729): warning C4018: '<': signed/unsigned mismatch
     1>..\..\src\SOIL.c(1867): warning C4267: 'function': conversion from 'size_t' to 'int', possible loss of data
     1>..\..\src\SOIL.c(1841): warning C4996: 'fopen': This function or variable may be unsafe. Consider using fopen_s instead. To disable deprecation, use _CRT_SECURE_NO_WARNINGS. See online help for details.
         C:\Program Files (x86)\Windows Kits\10\Include\10.0.10150.0\ucrt\stdio.h(205): note: see declaration of 'fopen'
         image_helper.c
     1>..\..\src\image_helper.c(325): warning C4244: 'initializing': conversion from 'double' to 'float', possible loss of data
     1>..\..\src\image_helper.c(366): warning C4244: '=': conversion from 'double' to 'float', possible loss of data
     1>..\..\src\image_helper.c(373): warning C4244: '=': conversion from 'float' to 'int', possible loss of data
     1>..\..\src\image_helper.c(415): warning C4244: '=': conversion from 'double' to 'float', possible loss of data
     1>..\..\src\image_helper.c(422): warning C4244: '=': conversion from 'float' to 'int', possible loss of data
         image_DXT.c
     1>..\..\src\image_DXT.c(92): warning C4996: 'fopen': This function or variable may be unsafe. Consider using fopen_s instead. To disable deprecation, use _CRT_SECURE_NO_WARNINGS. See online help for details.
         C:\Program Files (x86)\Windows Kits\10\Include\10.0.10150.0\ucrt\stdio.h(205): note: see declaration of 'fopen'
         Generating Code...
       Lib:
         C:\Program Files (x86)\Microsoft Visual Studio 14.0\VC\bin\x86_amd64\Lib.exe /OUT:"D:\Studia\Projekty\C++\Resource\Simple OpenGL Image Library\projects\VC9\x64\Debug\SOIL.lib" /NOLOGO /MACHINE:X64 x64\Debug\image_DXT.obj
         x64\Debug\image_helper.obj
         x64\Debug\SOIL.obj
         x64\Debug\stb_image_aug.obj
         SOIL.vcxproj -> D:\Studia\Projekty\C++\Resource\Simple OpenGL Image Library\projects\VC9\x64\Debug\SOIL.lib
     1>Done Building Project "D:\Studia\Projekty\C++\Resource\Simple OpenGL Image Library\projects\VC9\SOIL.vcxproj" (Build target(s)).

Build succeeded.

Time Elapsed 00:00:01.19
